{"/home/ubuntu/Documentos/desafioApiRocketseat/restAPI/drizzle.config.ts": {"path":"/home/ubuntu/Documentos/desafioApiRocketseat/restAPI/drizzle.config.ts","all":true,"statementMap":{"0":{"start":{"line":1,"column":0},"end":{"line":1,"column":42}},"2":{"start":{"line":3,"column":0},"end":{"line":3,"column":32}},"3":{"start":{"line":4,"column":0},"end":{"line":4,"column":54}},"4":{"start":{"line":5,"column":0},"end":{"line":5,"column":1}},"6":{"start":{"line":7,"column":0},"end":{"line":7,"column":29}},"7":{"start":{"line":8,"column":0},"end":{"line":8,"column":24}},"8":{"start":{"line":9,"column":0},"end":{"line":9,"column":18}},"9":{"start":{"line":10,"column":0},"end":{"line":10,"column":34}},"10":{"start":{"line":11,"column":0},"end":{"line":11,"column":4}},"11":{"start":{"line":12,"column":0},"end":{"line":12,"column":26}},"12":{"start":{"line":13,"column":0},"end":{"line":13,"column":37}},"13":{"start":{"line":14,"column":0},"end":{"line":14,"column":2}}},"s":{"0":0,"2":0,"3":0,"4":0,"6":0,"7":0,"8":0,"9":0,"10":0,"11":0,"12":0,"13":0},"branchMap":{"0":{"type":"branch","line":1,"loc":{"start":{"line":1,"column":316},"end":{"line":14,"column":2}},"locations":[{"start":{"line":1,"column":316},"end":{"line":14,"column":2}}]}},"b":{"0":[0]},"fnMap":{"0":{"name":"(empty-report)","decl":{"start":{"line":1,"column":316},"end":{"line":14,"column":2}},"loc":{"start":{"line":1,"column":316},"end":{"line":14,"column":2}},"line":1}},"f":{"0":0}}
,"/home/ubuntu/Documentos/desafioApiRocketseat/restAPI/src/app.ts": {"path":"/home/ubuntu/Documentos/desafioApiRocketseat/restAPI/src/app.ts","all":false,"statementMap":{"0":{"start":{"line":1,"column":0},"end":{"line":1,"column":47}},"1":{"start":{"line":2,"column":0},"end":{"line":2,"column":29}},"2":{"start":{"line":3,"column":0},"end":{"line":3,"column":123}},"3":{"start":{"line":4,"column":0},"end":{"line":4,"column":62}},"4":{"start":{"line":5,"column":0},"end":{"line":5,"column":57}},"5":{"start":{"line":6,"column":0},"end":{"line":6,"column":66}},"6":{"start":{"line":7,"column":0},"end":{"line":7,"column":62}},"7":{"start":{"line":8,"column":0},"end":{"line":8,"column":46}},"9":{"start":{"line":10,"column":0},"end":{"line":10,"column":24}},"10":{"start":{"line":11,"column":0},"end":{"line":11,"column":13}},"11":{"start":{"line":12,"column":0},"end":{"line":12,"column":20}},"12":{"start":{"line":13,"column":0},"end":{"line":13,"column":34}},"13":{"start":{"line":14,"column":0},"end":{"line":14,"column":22}},"14":{"start":{"line":15,"column":0},"end":{"line":15,"column":44}},"15":{"start":{"line":16,"column":0},"end":{"line":16,"column":39}},"16":{"start":{"line":17,"column":0},"end":{"line":17,"column":14}},"17":{"start":{"line":18,"column":0},"end":{"line":18,"column":10}},"18":{"start":{"line":19,"column":0},"end":{"line":19,"column":6}},"19":{"start":{"line":20,"column":0},"end":{"line":20,"column":38}},"21":{"start":{"line":22,"column":0},"end":{"line":22,"column":45}},"22":{"start":{"line":23,"column":0},"end":{"line":23,"column":37}},"23":{"start":{"line":24,"column":0},"end":{"line":24,"column":18}},"24":{"start":{"line":25,"column":0},"end":{"line":25,"column":19}},"25":{"start":{"line":26,"column":0},"end":{"line":26,"column":43}},"26":{"start":{"line":27,"column":0},"end":{"line":27,"column":72}},"27":{"start":{"line":28,"column":0},"end":{"line":28,"column":33}},"28":{"start":{"line":29,"column":0},"end":{"line":29,"column":14}},"29":{"start":{"line":30,"column":0},"end":{"line":30,"column":10}},"30":{"start":{"line":31,"column":0},"end":{"line":31,"column":39}},"31":{"start":{"line":32,"column":0},"end":{"line":32,"column":6}},"32":{"start":{"line":33,"column":0},"end":{"line":33,"column":1}},"34":{"start":{"line":35,"column":0},"end":{"line":35,"column":37}},"35":{"start":{"line":36,"column":0},"end":{"line":36,"column":23}},"36":{"start":{"line":37,"column":0},"end":{"line":37,"column":2}},"38":{"start":{"line":39,"column":0},"end":{"line":39,"column":48}},"39":{"start":{"line":40,"column":0},"end":{"line":40,"column":46}},"41":{"start":{"line":42,"column":0},"end":{"line":42,"column":34}},"42":{"start":{"line":43,"column":0},"end":{"line":43,"column":32}},"43":{"start":{"line":44,"column":0},"end":{"line":44,"column":35}},"44":{"start":{"line":45,"column":0},"end":{"line":45,"column":27}}},"s":{"0":1,"1":1,"2":1,"3":1,"4":1,"5":1,"6":1,"7":1,"9":1,"10":1,"11":1,"12":1,"13":1,"14":1,"15":1,"16":1,"17":1,"18":1,"19":1,"21":1,"22":0,"23":0,"24":0,"25":0,"26":0,"27":0,"28":0,"29":0,"30":0,"31":0,"32":0,"34":1,"35":1,"36":1,"38":1,"39":1,"41":1,"42":1,"43":1,"44":1},"branchMap":{"0":{"type":"branch","line":22,"loc":{"start":{"line":22,"column":44},"end":{"line":33,"column":1}},"locations":[{"start":{"line":22,"column":44},"end":{"line":33,"column":1}}]}},"b":{"0":[0]},"fnMap":{},"f":{}}
,"/home/ubuntu/Documentos/desafioApiRocketseat/restAPI/src/server.ts": {"path":"/home/ubuntu/Documentos/desafioApiRocketseat/restAPI/src/server.ts","all":true,"statementMap":{"0":{"start":{"line":1,"column":0},"end":{"line":1,"column":31}},"2":{"start":{"line":3,"column":0},"end":{"line":3,"column":40}},"3":{"start":{"line":4,"column":0},"end":{"line":4,"column":49}},"4":{"start":{"line":5,"column":0},"end":{"line":5,"column":2}}},"s":{"0":0,"2":0,"3":0,"4":0},"branchMap":{"0":{"type":"branch","line":1,"loc":{"start":{"line":1,"column":0},"end":{"line":5,"column":-84}},"locations":[{"start":{"line":1,"column":0},"end":{"line":5,"column":-84}}]}},"b":{"0":[0]},"fnMap":{"0":{"name":"(empty-report)","decl":{"start":{"line":1,"column":0},"end":{"line":5,"column":-84}},"loc":{"start":{"line":1,"column":0},"end":{"line":5,"column":-84}},"line":1}},"f":{"0":0}}
,"/home/ubuntu/Documentos/desafioApiRocketseat/restAPI/src/database/client.ts": {"path":"/home/ubuntu/Documentos/desafioApiRocketseat/restAPI/src/database/client.ts","all":false,"statementMap":{"0":{"start":{"line":1,"column":0},"end":{"line":1,"column":51}},"3":{"start":{"line":4,"column":0},"end":{"line":4,"column":32}},"4":{"start":{"line":5,"column":0},"end":{"line":5,"column":78}},"5":{"start":{"line":6,"column":0},"end":{"line":6,"column":1}},"7":{"start":{"line":8,"column":0},"end":{"line":8,"column":53}},"8":{"start":{"line":9,"column":0},"end":{"line":9,"column":49}},"9":{"start":{"line":10,"column":0},"end":{"line":10,"column":3}}},"s":{"0":1,"3":1,"4":0,"5":0,"7":1,"8":1,"9":1},"branchMap":{"0":{"type":"branch","line":4,"loc":{"start":{"line":4,"column":31},"end":{"line":6,"column":1}},"locations":[{"start":{"line":4,"column":31},"end":{"line":6,"column":1}}]}},"b":{"0":[0]},"fnMap":{},"f":{}}
,"/home/ubuntu/Documentos/desafioApiRocketseat/restAPI/src/database/schema.ts": {"path":"/home/ubuntu/Documentos/desafioApiRocketseat/restAPI/src/database/schema.ts","all":false,"statementMap":{"0":{"start":{"line":1,"column":0},"end":{"line":1,"column":89}},"3":{"start":{"line":4,"column":0},"end":{"line":4,"column":45}},"4":{"start":{"line":5,"column":0},"end":{"line":5,"column":14}},"5":{"start":{"line":6,"column":0},"end":{"line":6,"column":14}},"6":{"start":{"line":7,"column":0},"end":{"line":7,"column":11}},"7":{"start":{"line":8,"column":0},"end":{"line":8,"column":2}},"11":{"start":{"line":12,"column":0},"end":{"line":12,"column":39}},"12":{"start":{"line":13,"column":0},"end":{"line":13,"column":44}},"13":{"start":{"line":14,"column":0},"end":{"line":14,"column":27}},"14":{"start":{"line":15,"column":0},"end":{"line":15,"column":37}},"15":{"start":{"line":16,"column":0},"end":{"line":16,"column":31}},"16":{"start":{"line":17,"column":0},"end":{"line":17,"column":50}},"17":{"start":{"line":18,"column":0},"end":{"line":18,"column":2}},"19":{"start":{"line":20,"column":0},"end":{"line":20,"column":43}},"20":{"start":{"line":21,"column":0},"end":{"line":21,"column":44}},"21":{"start":{"line":22,"column":0},"end":{"line":22,"column":37}},"22":{"start":{"line":23,"column":0},"end":{"line":23,"column":24}},"23":{"start":{"line":24,"column":0},"end":{"line":24,"column":2}},"26":{"start":{"line":27,"column":0},"end":{"line":27,"column":51}},"27":{"start":{"line":28,"column":0},"end":{"line":28,"column":44}},"28":{"start":{"line":29,"column":0},"end":{"line":29,"column":56}},"29":{"start":{"line":30,"column":0},"end":{"line":30,"column":60}},"30":{"start":{"line":31,"column":0},"end":{"line":31,"column":72}},"31":{"start":{"line":32,"column":0},"end":{"line":32,"column":13}},"32":{"start":{"line":33,"column":0},"end":{"line":33,"column":50}},"33":{"start":{"line":34,"column":0},"end":{"line":34,"column":2}}},"s":{"0":1,"3":1,"4":1,"5":1,"6":1,"7":1,"11":1,"12":1,"13":1,"14":1,"15":1,"16":1,"17":1,"19":1,"20":1,"21":1,"22":1,"23":1,"26":1,"27":1,"28":1,"29":1,"30":1,"31":1,"32":0,"33":0},"branchMap":{},"b":{},"fnMap":{},"f":{}}
,"/home/ubuntu/Documentos/desafioApiRocketseat/restAPI/src/database/seed.ts": {"path":"/home/ubuntu/Documentos/desafioApiRocketseat/restAPI/src/database/seed.ts","all":true,"statementMap":{"0":{"start":{"line":1,"column":0},"end":{"line":1,"column":32}},"1":{"start":{"line":2,"column":0},"end":{"line":2,"column":57}},"2":{"start":{"line":3,"column":0},"end":{"line":3,"column":51}},"3":{"start":{"line":4,"column":0},"end":{"line":4,"column":29}},"6":{"start":{"line":7,"column":0},"end":{"line":7,"column":23}},"8":{"start":{"line":9,"column":0},"end":{"line":9,"column":45}},"11":{"start":{"line":12,"column":0},"end":{"line":12,"column":55}},"12":{"start":{"line":13,"column":0},"end":{"line":13,"column":9}},"13":{"start":{"line":14,"column":0},"end":{"line":14,"column":43}},"14":{"start":{"line":15,"column":0},"end":{"line":15,"column":42}},"15":{"start":{"line":16,"column":0},"end":{"line":16,"column":35}},"16":{"start":{"line":17,"column":0},"end":{"line":17,"column":28}},"17":{"start":{"line":18,"column":0},"end":{"line":18,"column":10}},"18":{"start":{"line":19,"column":0},"end":{"line":19,"column":9}},"19":{"start":{"line":20,"column":0},"end":{"line":20,"column":43}},"20":{"start":{"line":21,"column":0},"end":{"line":21,"column":42}},"21":{"start":{"line":22,"column":0},"end":{"line":22,"column":35}},"22":{"start":{"line":23,"column":0},"end":{"line":23,"column":28}},"23":{"start":{"line":24,"column":0},"end":{"line":24,"column":10}},"24":{"start":{"line":25,"column":0},"end":{"line":25,"column":9}},"25":{"start":{"line":26,"column":0},"end":{"line":26,"column":43}},"26":{"start":{"line":27,"column":0},"end":{"line":27,"column":42}},"27":{"start":{"line":28,"column":0},"end":{"line":28,"column":35}},"28":{"start":{"line":29,"column":0},"end":{"line":29,"column":28}},"29":{"start":{"line":30,"column":0},"end":{"line":30,"column":10}},"30":{"start":{"line":31,"column":0},"end":{"line":31,"column":9}},"31":{"start":{"line":32,"column":0},"end":{"line":32,"column":43}},"32":{"start":{"line":33,"column":0},"end":{"line":33,"column":42}},"33":{"start":{"line":34,"column":0},"end":{"line":34,"column":35}},"34":{"start":{"line":35,"column":0},"end":{"line":35,"column":28}},"35":{"start":{"line":36,"column":0},"end":{"line":36,"column":10}},"36":{"start":{"line":37,"column":0},"end":{"line":37,"column":18}},"39":{"start":{"line":40,"column":0},"end":{"line":40,"column":59}},"40":{"start":{"line":41,"column":0},"end":{"line":41,"column":38}},"41":{"start":{"line":42,"column":0},"end":{"line":42,"column":38}},"42":{"start":{"line":43,"column":0},"end":{"line":43,"column":18}},"46":{"start":{"line":47,"column":0},"end":{"line":47,"column":67}},"47":{"start":{"line":48,"column":0},"end":{"line":48,"column":67}},"48":{"start":{"line":49,"column":0},"end":{"line":49,"column":67}},"49":{"start":{"line":50,"column":0},"end":{"line":50,"column":67}},"50":{"start":{"line":51,"column":0},"end":{"line":51,"column":18}},"52":{"start":{"line":53,"column":0},"end":{"line":53,"column":1}},"54":{"start":{"line":55,"column":0},"end":{"line":55,"column":6}}},"s":{"0":0,"1":0,"2":0,"3":0,"6":0,"8":0,"11":0,"12":0,"13":0,"14":0,"15":0,"16":0,"17":0,"18":0,"19":0,"20":0,"21":0,"22":0,"23":0,"24":0,"25":0,"26":0,"27":0,"28":0,"29":0,"30":0,"31":0,"32":0,"33":0,"34":0,"35":0,"36":0,"39":0,"40":0,"41":0,"42":0,"46":0,"47":0,"48":0,"49":0,"50":0,"52":0,"54":0},"branchMap":{"0":{"type":"branch","line":1,"loc":{"start":{"line":1,"column":0},"end":{"line":55,"column":-420}},"locations":[{"start":{"line":1,"column":0},"end":{"line":55,"column":-420}}]}},"b":{"0":[0]},"fnMap":{"0":{"name":"(empty-report)","decl":{"start":{"line":1,"column":0},"end":{"line":55,"column":-420}},"loc":{"start":{"line":1,"column":0},"end":{"line":55,"column":-420}},"line":1}},"f":{"0":0}}
,"/home/ubuntu/Documentos/desafioApiRocketseat/restAPI/src/routes/create-courses.ts": {"path":"/home/ubuntu/Documentos/desafioApiRocketseat/restAPI/src/routes/create-courses.ts","all":false,"statementMap":{"1":{"start":{"line":2,"column":0},"end":{"line":2,"column":42}},"2":{"start":{"line":3,"column":0},"end":{"line":3,"column":47}},"3":{"start":{"line":4,"column":0},"end":{"line":4,"column":19}},"4":{"start":{"line":5,"column":0},"end":{"line":5,"column":62}},"5":{"start":{"line":6,"column":0},"end":{"line":6,"column":58}},"7":{"start":{"line":8,"column":0},"end":{"line":8,"column":75}},"8":{"start":{"line":9,"column":0},"end":{"line":9,"column":27}},"9":{"start":{"line":10,"column":0},"end":{"line":10,"column":17}},"10":{"start":{"line":11,"column":0},"end":{"line":11,"column":22}},"11":{"start":{"line":12,"column":0},"end":{"line":12,"column":29}},"12":{"start":{"line":13,"column":0},"end":{"line":13,"column":6}},"13":{"start":{"line":14,"column":0},"end":{"line":14,"column":13}},"14":{"start":{"line":15,"column":0},"end":{"line":15,"column":24}},"15":{"start":{"line":16,"column":0},"end":{"line":16,"column":33}},"16":{"start":{"line":17,"column":0},"end":{"line":17,"column":22}},"17":{"start":{"line":18,"column":0},"end":{"line":18,"column":68}},"18":{"start":{"line":19,"column":0},"end":{"line":19,"column":9}},"19":{"start":{"line":20,"column":0},"end":{"line":20,"column":17}},"20":{"start":{"line":21,"column":0},"end":{"line":21,"column":83}},"21":{"start":{"line":22,"column":0},"end":{"line":22,"column":7}},"22":{"start":{"line":23,"column":0},"end":{"line":23,"column":6}},"23":{"start":{"line":24,"column":0},"end":{"line":24,"column":32}},"24":{"start":{"line":25,"column":0},"end":{"line":25,"column":42}},"26":{"start":{"line":27,"column":0},"end":{"line":27,"column":27}},"27":{"start":{"line":28,"column":0},"end":{"line":28,"column":22}},"28":{"start":{"line":29,"column":0},"end":{"line":29,"column":37}},"29":{"start":{"line":30,"column":0},"end":{"line":30,"column":18}},"31":{"start":{"line":32,"column":0},"end":{"line":32,"column":61}},"32":{"start":{"line":33,"column":0},"end":{"line":33,"column":4}},"33":{"start":{"line":34,"column":0},"end":{"line":34,"column":1}}},"s":{"1":1,"2":1,"3":1,"4":1,"5":1,"7":1,"8":4,"9":4,"10":4,"11":4,"12":4,"13":4,"14":4,"15":4,"16":4,"17":4,"18":4,"19":4,"20":4,"21":4,"22":4,"23":4,"24":1,"26":1,"27":1,"28":1,"29":1,"31":1,"32":4,"33":4},"branchMap":{"0":{"type":"branch","line":8,"loc":{"start":{"line":8,"column":56},"end":{"line":34,"column":1}},"locations":[{"start":{"line":8,"column":56},"end":{"line":34,"column":1}}]},"1":{"type":"branch","line":24,"loc":{"start":{"line":24,"column":5},"end":{"line":33,"column":3}},"locations":[{"start":{"line":24,"column":5},"end":{"line":33,"column":3}}]}},"b":{"0":[4],"1":[1]},"fnMap":{"0":{"name":"createCourseRoute","decl":{"start":{"line":8,"column":56},"end":{"line":34,"column":1}},"loc":{"start":{"line":8,"column":56},"end":{"line":34,"column":1}},"line":8}},"f":{"0":4}}
,"/home/ubuntu/Documentos/desafioApiRocketseat/restAPI/src/routes/get-courses-by-id.ts": {"path":"/home/ubuntu/Documentos/desafioApiRocketseat/restAPI/src/routes/get-courses-by-id.ts","all":false,"statementMap":{"0":{"start":{"line":1,"column":0},"end":{"line":1,"column":32}},"2":{"start":{"line":3,"column":0},"end":{"line":3,"column":42}},"3":{"start":{"line":4,"column":0},"end":{"line":4,"column":47}},"4":{"start":{"line":5,"column":0},"end":{"line":5,"column":19}},"5":{"start":{"line":6,"column":0},"end":{"line":6,"column":63}},"6":{"start":{"line":7,"column":0},"end":{"line":7,"column":98}},"9":{"start":{"line":10,"column":0},"end":{"line":10,"column":76}},"10":{"start":{"line":11,"column":0},"end":{"line":11,"column":32}},"11":{"start":{"line":12,"column":0},"end":{"line":12,"column":21}},"12":{"start":{"line":13,"column":0},"end":{"line":13,"column":27}},"13":{"start":{"line":14,"column":0},"end":{"line":14,"column":10}},"14":{"start":{"line":15,"column":0},"end":{"line":15,"column":17}},"15":{"start":{"line":16,"column":0},"end":{"line":16,"column":30}},"16":{"start":{"line":17,"column":0},"end":{"line":17,"column":40}},"17":{"start":{"line":18,"column":0},"end":{"line":18,"column":30}},"18":{"start":{"line":19,"column":0},"end":{"line":19,"column":28}},"19":{"start":{"line":20,"column":0},"end":{"line":20,"column":15}},"20":{"start":{"line":21,"column":0},"end":{"line":21,"column":23}},"21":{"start":{"line":22,"column":0},"end":{"line":22,"column":31}},"22":{"start":{"line":23,"column":0},"end":{"line":23,"column":37}},"23":{"start":{"line":24,"column":0},"end":{"line":24,"column":36}},"24":{"start":{"line":25,"column":0},"end":{"line":25,"column":41}},"25":{"start":{"line":26,"column":0},"end":{"line":26,"column":57}},"26":{"start":{"line":27,"column":0},"end":{"line":27,"column":21}},"27":{"start":{"line":28,"column":0},"end":{"line":28,"column":19}},"28":{"start":{"line":29,"column":0},"end":{"line":29,"column":59}},"29":{"start":{"line":30,"column":0},"end":{"line":30,"column":14}},"31":{"start":{"line":32,"column":0},"end":{"line":32,"column":10}},"32":{"start":{"line":33,"column":0},"end":{"line":33,"column":30}},"33":{"start":{"line":34,"column":0},"end":{"line":34,"column":57}},"35":{"start":{"line":36,"column":0},"end":{"line":36,"column":38}},"37":{"start":{"line":38,"column":0},"end":{"line":38,"column":31}},"38":{"start":{"line":39,"column":0},"end":{"line":39,"column":21}},"39":{"start":{"line":40,"column":0},"end":{"line":40,"column":26}},"40":{"start":{"line":41,"column":0},"end":{"line":41,"column":44}},"42":{"start":{"line":43,"column":0},"end":{"line":43,"column":32}},"43":{"start":{"line":44,"column":0},"end":{"line":44,"column":38}},"44":{"start":{"line":45,"column":0},"end":{"line":45,"column":9}},"46":{"start":{"line":47,"column":0},"end":{"line":47,"column":39}},"47":{"start":{"line":48,"column":0},"end":{"line":48,"column":6}},"48":{"start":{"line":49,"column":0},"end":{"line":49,"column":1}}},"s":{"0":1,"2":1,"3":1,"4":1,"5":1,"6":1,"9":1,"10":4,"11":4,"12":4,"13":4,"14":4,"15":4,"16":4,"17":4,"18":4,"19":4,"20":4,"21":4,"22":4,"23":4,"24":4,"25":4,"26":4,"27":4,"28":4,"29":4,"31":4,"32":4,"33":2,"35":2,"37":2,"38":2,"39":2,"40":2,"42":2,"43":1,"44":1,"46":1,"47":4,"48":4},"branchMap":{"0":{"type":"branch","line":10,"loc":{"start":{"line":10,"column":57},"end":{"line":49,"column":1}},"locations":[{"start":{"line":10,"column":57},"end":{"line":49,"column":1}}]},"1":{"type":"branch","line":33,"loc":{"start":{"line":33,"column":7},"end":{"line":48,"column":5}},"locations":[{"start":{"line":33,"column":7},"end":{"line":48,"column":5}}]},"2":{"type":"branch","line":43,"loc":{"start":{"line":43,"column":31},"end":{"line":47,"column":39}},"locations":[{"start":{"line":43,"column":31},"end":{"line":47,"column":39}}]}},"b":{"0":[4],"1":[2],"2":[1]},"fnMap":{"0":{"name":"getCourseByIdRoute","decl":{"start":{"line":10,"column":57},"end":{"line":49,"column":1}},"loc":{"start":{"line":10,"column":57},"end":{"line":49,"column":1}},"line":10}},"f":{"0":4}}
,"/home/ubuntu/Documentos/desafioApiRocketseat/restAPI/src/routes/get-courses.ts": {"path":"/home/ubuntu/Documentos/desafioApiRocketseat/restAPI/src/routes/get-courses.ts","all":false,"statementMap":{"1":{"start":{"line":2,"column":0},"end":{"line":2,"column":42}},"2":{"start":{"line":3,"column":0},"end":{"line":3,"column":60}},"3":{"start":{"line":4,"column":0},"end":{"line":4,"column":66}},"4":{"start":{"line":5,"column":0},"end":{"line":5,"column":19}},"5":{"start":{"line":6,"column":0},"end":{"line":6,"column":58}},"6":{"start":{"line":7,"column":0},"end":{"line":7,"column":62}},"9":{"start":{"line":10,"column":0},"end":{"line":10,"column":73}},"11":{"start":{"line":12,"column":0},"end":{"line":12,"column":28}},"12":{"start":{"line":13,"column":0},"end":{"line":13,"column":21}},"13":{"start":{"line":14,"column":0},"end":{"line":14,"column":28}},"14":{"start":{"line":15,"column":0},"end":{"line":15,"column":35}},"15":{"start":{"line":16,"column":0},"end":{"line":16,"column":10}},"16":{"start":{"line":17,"column":0},"end":{"line":17,"column":17}},"17":{"start":{"line":18,"column":0},"end":{"line":18,"column":30}},"18":{"start":{"line":19,"column":0},"end":{"line":19,"column":39}},"19":{"start":{"line":20,"column":0},"end":{"line":20,"column":35}},"20":{"start":{"line":21,"column":0},"end":{"line":21,"column":46}},"21":{"start":{"line":22,"column":0},"end":{"line":22,"column":73}},"22":{"start":{"line":23,"column":0},"end":{"line":23,"column":62}},"23":{"start":{"line":24,"column":0},"end":{"line":24,"column":15}},"24":{"start":{"line":25,"column":0},"end":{"line":25,"column":23}},"25":{"start":{"line":26,"column":0},"end":{"line":26,"column":31}},"26":{"start":{"line":27,"column":0},"end":{"line":27,"column":37}},"27":{"start":{"line":28,"column":0},"end":{"line":28,"column":34}},"28":{"start":{"line":29,"column":0},"end":{"line":29,"column":41}},"29":{"start":{"line":30,"column":0},"end":{"line":30,"column":46}},"30":{"start":{"line":31,"column":0},"end":{"line":31,"column":52}},"31":{"start":{"line":32,"column":0},"end":{"line":32,"column":26}},"32":{"start":{"line":33,"column":0},"end":{"line":33,"column":22}},"33":{"start":{"line":34,"column":0},"end":{"line":34,"column":38}},"34":{"start":{"line":35,"column":0},"end":{"line":35,"column":18}},"35":{"start":{"line":36,"column":0},"end":{"line":36,"column":13}},"36":{"start":{"line":37,"column":0},"end":{"line":37,"column":9}},"37":{"start":{"line":38,"column":0},"end":{"line":38,"column":30}},"38":{"start":{"line":39,"column":0},"end":{"line":39,"column":50}},"40":{"start":{"line":41,"column":0},"end":{"line":41,"column":36}},"42":{"start":{"line":43,"column":0},"end":{"line":43,"column":21}},"43":{"start":{"line":44,"column":0},"end":{"line":44,"column":64}},"44":{"start":{"line":45,"column":0},"end":{"line":45,"column":9}},"46":{"start":{"line":47,"column":0},"end":{"line":47,"column":53}},"47":{"start":{"line":48,"column":0},"end":{"line":48,"column":14}},"48":{"start":{"line":49,"column":0},"end":{"line":49,"column":25}},"49":{"start":{"line":50,"column":0},"end":{"line":50,"column":35}},"50":{"start":{"line":51,"column":0},"end":{"line":51,"column":41}},"51":{"start":{"line":52,"column":0},"end":{"line":52,"column":55}},"52":{"start":{"line":53,"column":0},"end":{"line":53,"column":18}},"53":{"start":{"line":54,"column":0},"end":{"line":54,"column":30}},"54":{"start":{"line":55,"column":0},"end":{"line":55,"column":77}},"55":{"start":{"line":56,"column":0},"end":{"line":56,"column":47}},"56":{"start":{"line":57,"column":0},"end":{"line":57,"column":39}},"57":{"start":{"line":58,"column":0},"end":{"line":58,"column":26}},"58":{"start":{"line":59,"column":0},"end":{"line":59,"column":42}},"59":{"start":{"line":60,"column":0},"end":{"line":60,"column":37}},"60":{"start":{"line":61,"column":0},"end":{"line":61,"column":51}},"61":{"start":{"line":62,"column":0},"end":{"line":62,"column":10}},"65":{"start":{"line":66,"column":0},"end":{"line":66,"column":53}},"66":{"start":{"line":67,"column":0},"end":{"line":67,"column":6}},"68":{"start":{"line":69,"column":0},"end":{"line":69,"column":1}}},"s":{"1":1,"2":1,"3":1,"4":1,"5":1,"6":1,"9":1,"11":4,"12":4,"13":4,"14":4,"15":4,"16":4,"17":4,"18":4,"19":4,"20":4,"21":4,"22":4,"23":4,"24":4,"25":4,"26":4,"27":4,"28":4,"29":4,"30":4,"31":4,"32":4,"33":4,"34":4,"35":4,"36":4,"37":4,"38":1,"40":1,"42":1,"43":1,"44":1,"46":1,"47":1,"48":1,"49":1,"50":1,"51":1,"52":1,"53":1,"54":1,"55":1,"56":1,"57":1,"58":1,"59":1,"60":1,"61":1,"65":1,"66":4,"68":4},"branchMap":{"0":{"type":"branch","line":10,"loc":{"start":{"line":10,"column":54},"end":{"line":69,"column":1}},"locations":[{"start":{"line":10,"column":54},"end":{"line":69,"column":1}}]},"1":{"type":"branch","line":38,"loc":{"start":{"line":38,"column":7},"end":{"line":67,"column":5}},"locations":[{"start":{"line":38,"column":7},"end":{"line":67,"column":5}}]}},"b":{"0":[4],"1":[1]},"fnMap":{"0":{"name":"getCoursesRoute","decl":{"start":{"line":10,"column":54},"end":{"line":69,"column":1}},"loc":{"start":{"line":10,"column":54},"end":{"line":69,"column":1}},"line":10}},"f":{"0":4}}
,"/home/ubuntu/Documentos/desafioApiRocketseat/restAPI/src/routes/login.ts": {"path":"/home/ubuntu/Documentos/desafioApiRocketseat/restAPI/src/routes/login.ts","all":false,"statementMap":{"1":{"start":{"line":2,"column":0},"end":{"line":2,"column":42}},"2":{"start":{"line":3,"column":0},"end":{"line":3,"column":45}},"3":{"start":{"line":4,"column":0},"end":{"line":4,"column":30}},"4":{"start":{"line":5,"column":0},"end":{"line":5,"column":19}},"5":{"start":{"line":6,"column":0},"end":{"line":6,"column":32}},"6":{"start":{"line":7,"column":0},"end":{"line":7,"column":31}},"8":{"start":{"line":9,"column":0},"end":{"line":9,"column":68}},"9":{"start":{"line":10,"column":0},"end":{"line":10,"column":28}},"10":{"start":{"line":11,"column":0},"end":{"line":11,"column":13}},"11":{"start":{"line":12,"column":0},"end":{"line":12,"column":21}},"12":{"start":{"line":13,"column":0},"end":{"line":13,"column":23}},"13":{"start":{"line":14,"column":0},"end":{"line":14,"column":22}},"14":{"start":{"line":15,"column":0},"end":{"line":15,"column":25}},"15":{"start":{"line":16,"column":0},"end":{"line":16,"column":29}},"16":{"start":{"line":17,"column":0},"end":{"line":17,"column":9}},"17":{"start":{"line":18,"column":0},"end":{"line":18,"column":17}},"18":{"start":{"line":19,"column":0},"end":{"line":19,"column":45}},"19":{"start":{"line":20,"column":0},"end":{"line":20,"column":47}},"20":{"start":{"line":21,"column":0},"end":{"line":21,"column":7}},"21":{"start":{"line":22,"column":0},"end":{"line":22,"column":6}},"22":{"start":{"line":23,"column":0},"end":{"line":23,"column":32}},"23":{"start":{"line":24,"column":0},"end":{"line":24,"column":44}},"25":{"start":{"line":26,"column":0},"end":{"line":26,"column":27}},"26":{"start":{"line":27,"column":0},"end":{"line":27,"column":15}},"27":{"start":{"line":28,"column":0},"end":{"line":28,"column":18}},"28":{"start":{"line":29,"column":0},"end":{"line":29,"column":36}},"30":{"start":{"line":31,"column":0},"end":{"line":31,"column":30}},"31":{"start":{"line":32,"column":0},"end":{"line":32,"column":74}},"32":{"start":{"line":33,"column":0},"end":{"line":33,"column":5}},"34":{"start":{"line":35,"column":0},"end":{"line":35,"column":26}},"36":{"start":{"line":37,"column":0},"end":{"line":37,"column":68}},"38":{"start":{"line":39,"column":0},"end":{"line":39,"column":30}},"39":{"start":{"line":40,"column":0},"end":{"line":40,"column":74}},"40":{"start":{"line":41,"column":0},"end":{"line":41,"column":5}},"42":{"start":{"line":43,"column":0},"end":{"line":43,"column":34}},"43":{"start":{"line":44,"column":0},"end":{"line":44,"column":48}},"44":{"start":{"line":45,"column":0},"end":{"line":45,"column":5}},"46":{"start":{"line":47,"column":0},"end":{"line":47,"column":85}},"48":{"start":{"line":49,"column":0},"end":{"line":49,"column":44}},"49":{"start":{"line":50,"column":0},"end":{"line":50,"column":4}},"50":{"start":{"line":51,"column":0},"end":{"line":51,"column":1}}},"s":{"1":1,"2":1,"3":1,"4":1,"5":1,"6":1,"8":1,"9":4,"10":4,"11":4,"12":4,"13":4,"14":4,"15":4,"16":4,"17":4,"18":4,"19":4,"20":4,"21":4,"22":4,"23":1,"25":1,"26":1,"27":1,"28":1,"30":1,"31":0,"32":0,"34":1,"36":1,"38":1,"39":0,"40":0,"42":1,"43":0,"44":0,"46":1,"48":1,"49":4,"50":4},"branchMap":{"0":{"type":"branch","line":9,"loc":{"start":{"line":9,"column":49},"end":{"line":51,"column":1}},"locations":[{"start":{"line":9,"column":49},"end":{"line":51,"column":1}}]},"1":{"type":"branch","line":23,"loc":{"start":{"line":23,"column":5},"end":{"line":50,"column":3}},"locations":[{"start":{"line":23,"column":5},"end":{"line":50,"column":3}}]},"2":{"type":"branch","line":31,"loc":{"start":{"line":31,"column":29},"end":{"line":33,"column":5}},"locations":[{"start":{"line":31,"column":29},"end":{"line":33,"column":5}}]},"3":{"type":"branch","line":39,"loc":{"start":{"line":39,"column":29},"end":{"line":41,"column":5}},"locations":[{"start":{"line":39,"column":29},"end":{"line":41,"column":5}}]},"4":{"type":"branch","line":43,"loc":{"start":{"line":43,"column":33},"end":{"line":45,"column":5}},"locations":[{"start":{"line":43,"column":33},"end":{"line":45,"column":5}}]}},"b":{"0":[4],"1":[1],"2":[0],"3":[0],"4":[0]},"fnMap":{"0":{"name":"loginRoute","decl":{"start":{"line":9,"column":49},"end":{"line":51,"column":1}},"loc":{"start":{"line":9,"column":49},"end":{"line":51,"column":1}},"line":9}},"f":{"0":4}}
,"/home/ubuntu/Documentos/desafioApiRocketseat/restAPI/src/routes/hooks/check-request-jwt.ts": {"path":"/home/ubuntu/Documentos/desafioApiRocketseat/restAPI/src/routes/hooks/check-request-jwt.ts","all":false,"statementMap":{"1":{"start":{"line":2,"column":0},"end":{"line":2,"column":30}},"8":{"start":{"line":9,"column":0},"end":{"line":9,"column":81}},"9":{"start":{"line":10,"column":0},"end":{"line":10,"column":43}},"12":{"start":{"line":13,"column":0},"end":{"line":13,"column":17}},"13":{"start":{"line":14,"column":0},"end":{"line":14,"column":66}},"14":{"start":{"line":15,"column":0},"end":{"line":15,"column":5}},"15":{"start":{"line":16,"column":0},"end":{"line":16,"column":32}},"16":{"start":{"line":17,"column":0},"end":{"line":17,"column":50}},"17":{"start":{"line":18,"column":0},"end":{"line":18,"column":5}},"19":{"start":{"line":20,"column":0},"end":{"line":20,"column":9}},"20":{"start":{"line":21,"column":0},"end":{"line":21,"column":104}},"22":{"start":{"line":23,"column":0},"end":{"line":23,"column":26}},"24":{"start":{"line":25,"column":0},"end":{"line":25,"column":19}},"25":{"start":{"line":26,"column":0},"end":{"line":26,"column":66}},"26":{"start":{"line":27,"column":0},"end":{"line":27,"column":5}},"28":{"start":{"line":29,"column":0},"end":{"line":29,"column":1}}},"s":{"1":1,"8":4,"9":4,"12":4,"13":0,"14":0,"15":4,"16":0,"17":0,"19":4,"20":4,"22":4,"24":4,"25":0,"26":0,"28":4},"branchMap":{"0":{"type":"branch","line":9,"loc":{"start":{"line":9,"column":0},"end":{"line":29,"column":1}},"locations":[{"start":{"line":9,"column":0},"end":{"line":29,"column":1}}]},"1":{"type":"branch","line":13,"loc":{"start":{"line":13,"column":16},"end":{"line":15,"column":5}},"locations":[{"start":{"line":13,"column":16},"end":{"line":15,"column":5}}]},"2":{"type":"branch","line":16,"loc":{"start":{"line":16,"column":31},"end":{"line":18,"column":5}},"locations":[{"start":{"line":16,"column":31},"end":{"line":18,"column":5}}]},"3":{"type":"branch","line":25,"loc":{"start":{"line":25,"column":4},"end":{"line":27,"column":5}},"locations":[{"start":{"line":25,"column":4},"end":{"line":27,"column":5}}]}},"b":{"0":[4],"1":[0],"2":[0],"3":[0]},"fnMap":{"0":{"name":"checkRequestJWT","decl":{"start":{"line":9,"column":0},"end":{"line":29,"column":1}},"loc":{"start":{"line":9,"column":0},"end":{"line":29,"column":1}},"line":9}},"f":{"0":4}}
,"/home/ubuntu/Documentos/desafioApiRocketseat/restAPI/src/routes/hooks/check-user-role.ts": {"path":"/home/ubuntu/Documentos/desafioApiRocketseat/restAPI/src/routes/hooks/check-user-role.ts","all":false,"statementMap":{"1":{"start":{"line":2,"column":0},"end":{"line":2,"column":100}},"3":{"start":{"line":4,"column":0},"end":{"line":4,"column":58}},"4":{"start":{"line":5,"column":0},"end":{"line":5,"column":72}},"5":{"start":{"line":6,"column":0},"end":{"line":6,"column":57}},"7":{"start":{"line":8,"column":0},"end":{"line":8,"column":29}},"8":{"start":{"line":9,"column":0},"end":{"line":9,"column":37}},"9":{"start":{"line":10,"column":0},"end":{"line":10,"column":5}},"10":{"start":{"line":11,"column":0},"end":{"line":11,"column":3}},"11":{"start":{"line":12,"column":0},"end":{"line":12,"column":1}}},"s":{"1":1,"3":1,"4":8,"5":2,"7":2,"8":0,"9":0,"10":2,"11":8},"branchMap":{"0":{"type":"branch","line":4,"loc":{"start":{"line":4,"column":7},"end":{"line":12,"column":1}},"locations":[{"start":{"line":4,"column":7},"end":{"line":12,"column":1}}]},"1":{"type":"branch","line":5,"loc":{"start":{"line":5,"column":9},"end":{"line":11,"column":3}},"locations":[{"start":{"line":5,"column":9},"end":{"line":11,"column":3}}]},"2":{"type":"branch","line":8,"loc":{"start":{"line":8,"column":28},"end":{"line":10,"column":5}},"locations":[{"start":{"line":8,"column":28},"end":{"line":10,"column":5}}]}},"b":{"0":[8],"1":[2],"2":[0]},"fnMap":{"0":{"name":"checkUserRole","decl":{"start":{"line":4,"column":7},"end":{"line":12,"column":1}},"loc":{"start":{"line":4,"column":7},"end":{"line":12,"column":1}},"line":4}},"f":{"0":8}}
,"/home/ubuntu/Documentos/desafioApiRocketseat/restAPI/src/tests/factories/make-course.ts": {"path":"/home/ubuntu/Documentos/desafioApiRocketseat/restAPI/src/tests/factories/make-course.ts","all":false,"statementMap":{"0":{"start":{"line":1,"column":0},"end":{"line":1,"column":40}},"1":{"start":{"line":2,"column":0},"end":{"line":2,"column":46}},"2":{"start":{"line":3,"column":0},"end":{"line":3,"column":51}},"4":{"start":{"line":5,"column":0},"end":{"line":5,"column":50}},"5":{"start":{"line":6,"column":0},"end":{"line":6,"column":52}},"6":{"start":{"line":7,"column":0},"end":{"line":7,"column":45}},"7":{"start":{"line":8,"column":0},"end":{"line":8,"column":18}},"9":{"start":{"line":10,"column":0},"end":{"line":10,"column":20}},"10":{"start":{"line":11,"column":0},"end":{"line":11,"column":1}}},"s":{"0":1,"1":1,"2":1,"4":2,"5":2,"6":2,"7":2,"9":2,"10":2},"branchMap":{"0":{"type":"branch","line":5,"loc":{"start":{"line":5,"column":0},"end":{"line":11,"column":1}},"locations":[{"start":{"line":5,"column":0},"end":{"line":11,"column":1}}]},"1":{"type":"branch","line":7,"loc":{"start":{"line":7,"column":15},"end":{"line":7,"column":45}},"locations":[{"start":{"line":7,"column":15},"end":{"line":7,"column":45}}]}},"b":{"0":[2],"1":[1]},"fnMap":{"0":{"name":"makeCourse","decl":{"start":{"line":5,"column":0},"end":{"line":11,"column":1}},"loc":{"start":{"line":5,"column":0},"end":{"line":11,"column":1}},"line":5}},"f":{"0":2}}
,"/home/ubuntu/Documentos/desafioApiRocketseat/restAPI/src/tests/factories/make-user.ts": {"path":"/home/ubuntu/Documentos/desafioApiRocketseat/restAPI/src/tests/factories/make-user.ts","all":false,"statementMap":{"0":{"start":{"line":1,"column":0},"end":{"line":1,"column":40}},"1":{"start":{"line":2,"column":0},"end":{"line":2,"column":46}},"2":{"start":{"line":3,"column":0},"end":{"line":3,"column":49}},"3":{"start":{"line":4,"column":0},"end":{"line":4,"column":30}},"4":{"start":{"line":5,"column":0},"end":{"line":5,"column":40}},"5":{"start":{"line":6,"column":0},"end":{"line":6,"column":31}},"7":{"start":{"line":8,"column":0},"end":{"line":8,"column":72}},"8":{"start":{"line":9,"column":0},"end":{"line":9,"column":43}},"11":{"start":{"line":12,"column":0},"end":{"line":12,"column":50}},"12":{"start":{"line":13,"column":0},"end":{"line":13,"column":38}},"13":{"start":{"line":14,"column":0},"end":{"line":14,"column":38}},"14":{"start":{"line":15,"column":0},"end":{"line":15,"column":49}},"15":{"start":{"line":16,"column":0},"end":{"line":16,"column":13}},"16":{"start":{"line":17,"column":0},"end":{"line":17,"column":18}},"18":{"start":{"line":19,"column":0},"end":{"line":19,"column":12}},"19":{"start":{"line":20,"column":0},"end":{"line":20,"column":24}},"20":{"start":{"line":21,"column":0},"end":{"line":21,"column":27}},"21":{"start":{"line":22,"column":0},"end":{"line":22,"column":5}},"22":{"start":{"line":23,"column":0},"end":{"line":23,"column":1}},"25":{"start":{"line":26,"column":0},"end":{"line":26,"column":84}},"26":{"start":{"line":27,"column":0},"end":{"line":27,"column":39}},"28":{"start":{"line":29,"column":0},"end":{"line":29,"column":33}},"29":{"start":{"line":30,"column":0},"end":{"line":30,"column":49}},"30":{"start":{"line":31,"column":0},"end":{"line":31,"column":5}},"32":{"start":{"line":33,"column":0},"end":{"line":33,"column":85}},"35":{"start":{"line":36,"column":0},"end":{"line":36,"column":12}},"36":{"start":{"line":37,"column":0},"end":{"line":37,"column":13}},"37":{"start":{"line":38,"column":0},"end":{"line":38,"column":14}},"38":{"start":{"line":39,"column":0},"end":{"line":39,"column":5}},"40":{"start":{"line":41,"column":0},"end":{"line":41,"column":1}}},"s":{"0":1,"1":1,"2":1,"3":1,"4":1,"5":1,"7":5,"8":5,"11":5,"12":5,"13":5,"14":5,"15":5,"16":5,"18":5,"19":5,"20":5,"21":5,"22":5,"25":4,"26":4,"28":4,"29":0,"30":0,"32":4,"35":4,"36":4,"37":4,"38":4,"40":4},"branchMap":{"0":{"type":"branch","line":8,"loc":{"start":{"line":8,"column":0},"end":{"line":23,"column":1}},"locations":[{"start":{"line":8,"column":0},"end":{"line":23,"column":1}}]},"1":{"type":"branch","line":26,"loc":{"start":{"line":26,"column":0},"end":{"line":41,"column":1}},"locations":[{"start":{"line":26,"column":0},"end":{"line":41,"column":1}}]},"2":{"type":"branch","line":29,"loc":{"start":{"line":29,"column":32},"end":{"line":31,"column":5}},"locations":[{"start":{"line":29,"column":32},"end":{"line":31,"column":5}}]}},"b":{"0":[5],"1":[4],"2":[0]},"fnMap":{"0":{"name":"makeUser","decl":{"start":{"line":8,"column":0},"end":{"line":23,"column":1}},"loc":{"start":{"line":8,"column":0},"end":{"line":23,"column":1}},"line":8},"1":{"name":"makeAuthenticatedUser","decl":{"start":{"line":26,"column":0},"end":{"line":41,"column":1}},"loc":{"start":{"line":26,"column":0},"end":{"line":41,"column":1}},"line":26}},"f":{"0":5,"1":4}}
,"/home/ubuntu/Documentos/desafioApiRocketseat/restAPI/src/utils/get-authenticated-user-from-request.ts": {"path":"/home/ubuntu/Documentos/desafioApiRocketseat/restAPI/src/utils/get-authenticated-user-from-request.ts","all":false,"statementMap":{"2":{"start":{"line":3,"column":0},"end":{"line":3,"column":74}},"3":{"start":{"line":4,"column":0},"end":{"line":4,"column":27}},"5":{"start":{"line":6,"column":0},"end":{"line":6,"column":14}},"6":{"start":{"line":7,"column":0},"end":{"line":7,"column":45}},"7":{"start":{"line":8,"column":0},"end":{"line":8,"column":3}},"9":{"start":{"line":10,"column":0},"end":{"line":10,"column":13}},"10":{"start":{"line":11,"column":0},"end":{"line":11,"column":1}}},"s":{"2":1,"3":4,"5":4,"6":0,"7":0,"9":4,"10":4},"branchMap":{"0":{"type":"branch","line":3,"loc":{"start":{"line":3,"column":7},"end":{"line":11,"column":1}},"locations":[{"start":{"line":3,"column":7},"end":{"line":11,"column":1}}]},"1":{"type":"branch","line":6,"loc":{"start":{"line":6,"column":13},"end":{"line":8,"column":3}},"locations":[{"start":{"line":6,"column":13},"end":{"line":8,"column":3}}]}},"b":{"0":[4],"1":[0]},"fnMap":{"0":{"name":"getAuthenticatedUserFromRequest","decl":{"start":{"line":3,"column":7},"end":{"line":11,"column":1}},"loc":{"start":{"line":3,"column":7},"end":{"line":11,"column":1}},"line":3}},"f":{"0":4}}
}
